<?xml version="1.0" encoding="UTF-8"?>
<testsuite name="tareaCRUDitems" tests="1" skipped="0" failures="0" errors="0" timestamp="2023-10-10T02:29:23" hostname="Mauricios-MacBook-Pro.local" time="7.333">
  <properties/>
  <testcase name="testCRUDItem()" classname="tareaCRUDitems" time="7.333"/>
  <system-out><![CDATA[Request method:	POST
Request URI:	https://todo.ly/api/items.json
Proxy:			<none>
Request params:	<none>
Query params:	<none>
Form params:	<none>
Path params:	<none>
Headers:		Authorization=Basic dXBiYXBpQHVwYmFwaS5jb206MTIzNDU=
				Accept=*/*
				Content-Type=text/plain; charset=ISO-8859-1
Cookies:		<none>
Multiparts:		<none>
Body:
{"Content":"que_pro","Priority":1,"ProjectId":4129100}
Request method:	POST
Request URI:	https://todo.ly/api/items.json
Proxy:			<none>
Request params:	<none>
Query params:	<none>
Form params:	<none>
Path params:	<none>
Headers:		Authorization=Basic dXBiYXBpQHVwYmFwaS5jb206MTIzNDU=
				Accept=*/*
				Content-Type=text/plain; charset=ISO-8859-1
Cookies:		<none>
Multiparts:		<none>
Body:
{"Content":"que_pro","Priority":1,"ProjectId":4129100}
HTTP/1.1 200 OK
Cache-Control: no-cache, no-store, must-revalidate
Pragma: no-cache
Content-Type: application/json; charset=utf-8
Expires: -1
Server: Microsoft-IIS/8.0
Set-Cookie: ASP.NET_SessionId=ozk0jbb4kfdrvfqbajmpvgbn; path=/; HttpOnly; SameSite=Lax
X-AspNetMvc-Version: 2.0
X-AspNet-Version: 4.0.30319
X-Powered-By: ASP.NET
Date: Tue, 10 Oct 2023 02:29:25 GMT
Content-Length: 529

{
    "Id": 11194105,
    "Content": "que_pro",
    "ItemType": 1,
    "Checked": false,
    "ProjectId": 4129100,
    "ParentId": null,
    "Path": "",
    "Collapsed": false,
    "DateString": null,
    "DateStringPriority": 0,
    "DueDate": "",
    "Recurrence": null,
    "ItemOrder": 15,
    "Priority": 1,
    "LastSyncedDateTime": "/Date(1696904965080)/",
    "Children": [
        
    ],
    "DueDateTime": null,
    "CreatedDate": "/Date(1696904965080)/",
    "LastCheckedDate": null,
    "LastUpdatedDate": "/Date(1696904965080)/",
    "Deleted": false,
    "Notes": "",
    "InHistory": false,
    "SyncClientCreationId": null,
    "DueTimeSpecified": true,
    "OwnerId": 730870
}
Request method:	GET
Request URI:	https://todo.ly/api/items/11194105.json
Proxy:			<none>
Request params:	<none>
Query params:	<none>
Form params:	<none>
Path params:	<none>
Headers:		Authorization=Basic dXBiYXBpQHVwYmFwaS5jb206MTIzNDU=
				Accept=*/*
Cookies:		<none>
Multiparts:		<none>
Body:			<none>
HTTP/1.1 200 OK
Cache-Control: no-cache, no-store, must-revalidate
Pragma: no-cache
Content-Type: application/json; charset=utf-8
Expires: -1
Server: Microsoft-IIS/8.0
Set-Cookie: ASP.NET_SessionId=w0j1lvvnj5lereecknnzf2pq; path=/; HttpOnly; SameSite=Lax
X-AspNetMvc-Version: 2.0
X-AspNet-Version: 4.0.30319
X-Powered-By: ASP.NET
Date: Tue, 10 Oct 2023 02:29:26 GMT
Content-Length: 529

{
    "Id": 11194105,
    "Content": "que_pro",
    "ItemType": 1,
    "Checked": false,
    "ProjectId": 4129100,
    "ParentId": null,
    "Path": "",
    "Collapsed": false,
    "DateString": null,
    "DateStringPriority": 0,
    "DueDate": "",
    "Recurrence": null,
    "ItemOrder": 15,
    "Priority": 1,
    "LastSyncedDateTime": "/Date(1696904966999)/",
    "Children": [
        
    ],
    "DueDateTime": null,
    "CreatedDate": "/Date(1696904965080)/",
    "LastCheckedDate": null,
    "LastUpdatedDate": "/Date(1696904965080)/",
    "Deleted": false,
    "Notes": "",
    "InHistory": false,
    "SyncClientCreationId": null,
    "DueTimeSpecified": true,
    "OwnerId": 730870
}
Request method:	PUT
Request URI:	https://todo.ly/api/items/11194105.json
Proxy:			<none>
Request params:	<none>
Query params:	<none>
Form params:	<none>
Path params:	<none>
Headers:		Authorization=Basic dXBiYXBpQHVwYmFwaS5jb206MTIzNDU=
				Accept=*/*
				Content-Type=text/plain; charset=ISO-8859-1
Cookies:		<none>
Multiparts:		<none>
Body:
{"Content":"JSON Update","Priority":1,"ProjectId":4129100}
Request method:	PUT
Request URI:	https://todo.ly/api/items/11194105.json
Proxy:			<none>
Request params:	<none>
Query params:	<none>
Form params:	<none>
Path params:	<none>
Headers:		Authorization=Basic dXBiYXBpQHVwYmFwaS5jb206MTIzNDU=
				Accept=*/*
				Content-Type=text/plain; charset=ISO-8859-1
Cookies:		<none>
Multiparts:		<none>
Body:
{"Content":"JSON Update","Priority":1,"ProjectId":4129100}
HTTP/1.1 200 OK
Cache-Control: no-cache, no-store, must-revalidate
Pragma: no-cache
Content-Type: application/json; charset=utf-8
Expires: -1
Server: Microsoft-IIS/8.0
Set-Cookie: ASP.NET_SessionId=khb1jdfi5beqi5hasga4xgi5; path=/; HttpOnly; SameSite=Lax
X-AspNetMvc-Version: 2.0
X-AspNet-Version: 4.0.30319
X-Powered-By: ASP.NET
Date: Tue, 10 Oct 2023 02:29:28 GMT
Content-Length: 533

{
    "Id": 11194105,
    "Content": "JSON Update",
    "ItemType": 1,
    "Checked": false,
    "ProjectId": 4129100,
    "ParentId": null,
    "Path": "",
    "Collapsed": false,
    "DateString": null,
    "DateStringPriority": 0,
    "DueDate": "",
    "Recurrence": null,
    "ItemOrder": 15,
    "Priority": 1,
    "LastSyncedDateTime": "/Date(1696904968434)/",
    "Children": [
        
    ],
    "DueDateTime": null,
    "CreatedDate": "/Date(1696904965080)/",
    "LastCheckedDate": null,
    "LastUpdatedDate": "/Date(1696904968387)/",
    "Deleted": false,
    "Notes": "",
    "InHistory": false,
    "SyncClientCreationId": null,
    "DueTimeSpecified": true,
    "OwnerId": 730870
}
Request method:	DELETE
Request URI:	https://todo.ly/api/items/11194105.json
Proxy:			<none>
Request params:	<none>
Query params:	<none>
Form params:	<none>
Path params:	<none>
Headers:		Authorization=Basic dXBiYXBpQHVwYmFwaS5jb206MTIzNDU=
				Accept=*/*
Cookies:		<none>
Multiparts:		<none>
Body:			<none>
HTTP/1.1 200 OK
Cache-Control: no-cache, no-store, must-revalidate
Pragma: no-cache
Content-Type: application/json; charset=utf-8
Expires: -1
Server: Microsoft-IIS/8.0
Set-Cookie: ASP.NET_SessionId=j2wgirlx3t0vb3yfjmfbxorc; path=/; HttpOnly; SameSite=Lax
X-AspNetMvc-Version: 2.0
X-AspNet-Version: 4.0.30319
X-Powered-By: ASP.NET
Date: Tue, 10 Oct 2023 02:29:29 GMT
Content-Length: 532

{
    "Id": 11194105,
    "Content": "JSON Update",
    "ItemType": 1,
    "Checked": false,
    "ProjectId": 4129100,
    "ParentId": null,
    "Path": "",
    "Collapsed": false,
    "DateString": null,
    "DateStringPriority": 0,
    "DueDate": "",
    "Recurrence": null,
    "ItemOrder": 15,
    "Priority": 1,
    "LastSyncedDateTime": "/Date(1696904969619)/",
    "Children": [
        
    ],
    "DueDateTime": null,
    "CreatedDate": "/Date(1696904965080)/",
    "LastCheckedDate": null,
    "LastUpdatedDate": "/Date(1696904969590)/",
    "Deleted": true,
    "Notes": "",
    "InHistory": false,
    "SyncClientCreationId": null,
    "DueTimeSpecified": true,
    "OwnerId": 730870
}
]]></system-out>
  <system-err><![CDATA[]]></system-err>
</testsuite>
